<?xml version="1.0" encoding="UTF-8"?>
<!-- Generated by org.testng.reporters.JUnitReportReporter -->
<testsuite hostname="RKAMVPXWPAI0138" failures="0" tests="1" name="com.stepdefinition.com.TestingAPI" time="4.253" errors="0" timestamp="2023-05-05T12:10:05 IST" skipped="0">
  <testcase classname="com.stepdefinition.com.TestingAPI" name="trigger_test_url_throgh_api" time="4.253"/>
  <system-out/>
</testsuite> <!-- com.stepdefinition.com.TestingAPI -->
